tagshelper_泽泽社长.zip
reCAPTCHAv3_D-Bood.zip
reCAPTCHA_啸傲居士.zip
changyandandian_泽泽社长.zip
alexarank_Jrotty.zip
YoduPlayer_Jrotty.zip
YoduBGM_Jrotty.zip
UpdateAssistant_mrgeneral.zip
Ueditor_zhulin3141.zip
TeStore_羽中_zhulin3141_Ryan.zip
Subscriber_羽中.zip
Sticky_Ryan_Willin Kan.zip
Soso_泽泽社长.zip
SlantedExtend_DT27.zip
Reposidget_西秦公子.zip
Rdog_泽泽.zip
QiniuFile_LiCxi_冰剑_abelyao.zip
QNUpload_rakiy.zip
PostsCategoryChange_Fuzqing.zip
OssForTypecho_权那他_Charmeryl.zip
Ncache_WeiCN.zip
MostCache_skylzl_WeiCN.zip
MagikeEditor_羽中_Hanny.zip
LoginDesigner_泽泽社长.zip
GoogleCodePrettify_qining.zip
GoogleAnalytics_mutoo.zip
JustFeed_eallion_jKey.zip
JWPlayer_羽中.zip
JSON_姬长信_SangSir_公子.zip
GoogleCodePrettify_公子.zip
GoogleAnalytics_WeiCN.zip
GithubWidgetUser_hongweipeng.zip
GithubCard_chekun.zip
GHbutton_羽中.zip
EmlogToTypecho_ShingChi.zip
CommentNotifier_泽泽社长.zip
CodeStyle_hongweipeng.zip
CateFilter_Rakiy.zip
CSDN_MDY.zip
Ckeditor4Typecho_zhulin3141.zip
CatClaw_泽泽社长.zip
AutoLaTeX_bLue.zip
Attachment_羽中_Hanny.zip
AppStore_chekun.zip
AllowIp_Fuzqing.zip
AbbrSlug_羽叶.zip
AMP_Holmesian.zip